22:23:11.529 [main] INFO  com.intuit.karate - karate.env system property was: null 
22:23:11.929 [main] DEBUG com.intuit.karate - request:
1 > GET http://localhost:8080/empresas
1 > Accept-Encoding: gzip,deflate
1 > Connection: Keep-Alive
1 > Host: localhost:8080
1 > User-Agent: Apache-HttpClient/4.5.5 (Java/11.0.4)

22:23:12.018 [main] DEBUG com.intuit.karate - response time in milliseconds: 80,28
1 < 200
1 < Cache-Control: no-cache, no-store, max-age=0, must-revalidate
1 < Content-Type: application/json;charset=UTF-8
1 < Date: Fri, 11 Oct 2019 01:23:11 GMT
1 < Expires: 0
1 < Pragma: no-cache
1 < Transfer-Encoding: chunked
1 < X-Content-Type-Options: nosniff
1 < X-XSS-Protection: 1; mode=block
1 < access-control-expose-headers: location
[{"id":10,"enderecoId":10,"razaoSocial":"Danilo","fantasia":"Danilo","cnpj":"00000000000000","situacao":1,"email":"teste10@gmail.com","logradouro":"Rua Carolina Maria Ferreira","numero":"57","complemento":"casa","cep":"38406089","telefones":[],"dataCadastro":"10/10/2019","bairroId":1,"bairroNome":"Aclimação","cidadeId":1,"cidadeNome":"Uberlândia","estadoId":1,"estadoSigla":"MG","empresaMatrizId":null,"filiais":[]},{"id":9,"enderecoId":9,"razaoSocial":"Danilo","fantasia":"Danilo","cnpj":"00000000000000","situacao":1,"email":"teste9@gmail.com","logradouro":"Rua Carolina Maria Ferreira","numero":"57","complemento":"casa","cep":"38406088","telefones":[],"dataCadastro":"10/10/2019","bairroId":2,"bairroNome":"Ibirapuera","cidadeId":2,"cidadeNome":"São Paulo","estadoId":2,"estadoSigla":"SP","empresaMatrizId":null,"filiais":[]},{"id":8,"enderecoId":8,"razaoSocial":"Danilo","fantasia":"Danilo","cnpj":"00000000000000","situacao":1,"email":"teste8@gmail.com","logradouro":"Rua Carolina Maria Ferreira","numero":"57","complemento":"casa","cep":"38406087","telefones":[],"dataCadastro":"10/10/2019","bairroId":1,"bairroNome":"Aclimação","cidadeId":1,"cidadeNome":"Uberlândia","estadoId":1,"estadoSigla":"MG","empresaMatrizId":null,"filiais":[]},{"id":7,"enderecoId":7,"razaoSocial":"Danilo","fantasia":"Danilo","cnpj":"00000000000000","situacao":1,"email":"teste7@gmail.com","logradouro":"Rua Carolina Maria Ferreira","numero":"57","complemento":"casa","cep":"38406086","telefones":[],"dataCadastro":"10/10/2019","bairroId":1,"bairroNome":"Aclimação","cidadeId":1,"cidadeNome":"Uberlândia","estadoId":1,"estadoSigla":"MG","empresaMatrizId":null,"filiais":[]},{"id":6,"enderecoId":6,"razaoSocial":"Danilo","fantasia":"Danilo","cnpj":"00000000000000","situacao":1,"email":"teste6@gmail.com","logradouro":"Rua Carolina Maria Ferreira","numero":"57","complemento":"casa","cep":"38406085","telefones":[],"dataCadastro":"10/10/2019","bairroId":1,"bairroNome":"Aclimação","cidadeId":1,"cidadeNome":"Uberlândia","estadoId":1,"estadoSigla":"MG","empresaMatrizId":null,"filiais":[]},{"id":5,"enderecoId":5,"razaoSocial":"Danilo","fantasia":"Danilo","cnpj":"00000000000000","situacao":1,"email":"teste5@gmail.com","logradouro":"Rua Carolina Maria Ferreira","numero":"57","complemento":"casa","cep":"38406084","telefones":[],"dataCadastro":"10/10/2019","bairroId":1,"bairroNome":"Aclimação","cidadeId":1,"cidadeNome":"Uberlândia","estadoId":1,"estadoSigla":"MG","empresaMatrizId":null,"filiais":[]},{"id":4,"enderecoId":4,"razaoSocial":"Danilo","fantasia":"Danilo","cnpj":"00000000000000","situacao":1,"email":"teste4@gmail.com","logradouro":"Rua Carolina Maria Ferreira","numero":"57","complemento":"casa","cep":"38406083","telefones":[],"dataCadastro":"10/10/2019","bairroId":1,"bairroNome":"Aclimação","cidadeId":1,"cidadeNome":"Uberlândia","estadoId":1,"estadoSigla":"MG","empresaMatrizId":null,"filiais":[]},{"id":3,"enderecoId":3,"razaoSocial":"Danilo","fantasia":"Danilo","cnpj":"00000000000000","situacao":1,"email":"teste3@gmail.com","logradouro":"Rua Carolina Maria Ferreira","numero":"57","complemento":"casa","cep":"38406081","telefones":[],"dataCadastro":"10/10/2019","bairroId":1,"bairroNome":"Aclimação","cidadeId":1,"cidadeNome":"Uberlândia","estadoId":1,"estadoSigla":"MG","empresaMatrizId":null,"filiais":[]},{"id":1,"enderecoId":1,"razaoSocial":"Danilo","fantasia":"Danilo","cnpj":"00000000000000","situacao":1,"email":"teste@gmail.com","logradouro":"Rua Carolina Maria Ferreira","numero":"57","complemento":"casa","cep":"38406082","telefones":[{"tipo":1,"ordem":0,"numero":"32263226"},{"tipo":2,"ordem":1,"numero":"33334444"}],"dataCadastro":"10/10/2019","bairroId":1,"bairroNome":"Aclimação","cidadeId":1,"cidadeNome":"Uberlândia","estadoId":1,"estadoSigla":"MG","empresaMatrizId":null,"filiais":[{"id":2,"enderecoId":2,"razaoSocial":"Arantes","fantasia":"Arantes","cnpj":"11111111111111","situacao":1,"email":"teste2@gmail.com","logradouro":"Rua Jair Antonio Felipe","numero":"85","complemento":"casa","cep":"38406570","telefones":[{"tipo":3,"ordem":1,"numero":"22224444"},{"tipo":2,"ordem":0,"numero":"32273227"}],"dataCadastro":"10/10/2019","bairroId":1,"bairroNome":"Aclimação","cidadeId":1,"cidadeNome":"Uberlândia","estadoId":1,"estadoSigla":"MG","empresaMatrizId":1,"filiais":[]},{"id":11,"enderecoId":11,"razaoSocial":"Teste","fantasia":"Teste","cnpj":"11111111111111","situacao":1,"email":"teste11@gmail.com","logradouro":"Rua Teste","numero":"85","complemento":"casa","cep":"38406571","telefones":[],"dataCadastro":"10/10/2019","bairroId":1,"bairroNome":"Aclimação","cidadeId":1,"cidadeNome":"Uberlândia","estadoId":1,"estadoSigla":"MG","empresaMatrizId":1,"filiais":[]}]}]

23:09:01.815 [main] INFO  com.intuit.karate - karate.env system property was: null 
23:09:02.248 [main] DEBUG com.intuit.karate - request:
1 > GET http://localhost:8080/empresas
1 > Accept-Encoding: gzip,deflate
1 > Connection: Keep-Alive
1 > Host: localhost:8080
1 > User-Agent: Apache-HttpClient/4.5.5 (Java/11.0.4)

23:09:02.266 [main] ERROR com.intuit.karate - org.apache.http.conn.HttpHostConnectException: Connect to localhost:8080 [localhost/127.0.0.1] failed: Conexão recusada (Connection refused), http call failed after 17 milliseconds for URL: http://localhost:8080/empresas
23:09:02.266 [main] ERROR com.intuit.karate - http request failed: 
org.apache.http.conn.HttpHostConnectException: Connect to localhost:8080 [localhost/127.0.0.1] failed: Conexão recusada (Connection refused)
23:15:01.531 [main] INFO  org.eclipse.jetty.util.log - Logging initialized @1549ms to org.eclipse.jetty.util.log.Slf4jLog
23:15:03.103 [main] INFO  com.intuit.karate - karate.env system property was: null 
23:15:03.222 [main] DEBUG com.intuit.karate - request:
1 > GET http://localhost:8080/empresas
1 > Accept-Encoding: gzip,deflate
1 > Connection: Keep-Alive
1 > Host: localhost:8080
1 > User-Agent: Apache-HttpClient/4.5.5 (Java/11.0.4)

23:15:03.241 [main] ERROR com.intuit.karate - org.apache.http.conn.HttpHostConnectException: Connect to localhost:8080 [localhost/127.0.0.1] failed: Conexão recusada (Connection refused), http call failed after 18 milliseconds for URL: http://localhost:8080/empresas
23:15:03.242 [main] ERROR com.intuit.karate - http request failed: 
org.apache.http.conn.HttpHostConnectException: Connect to localhost:8080 [localhost/127.0.0.1] failed: Conexão recusada (Connection refused)
23:15:43.488 [main] INFO  org.eclipse.jetty.util.log - Logging initialized @3721ms to org.eclipse.jetty.util.log.Slf4jLog
23:15:44.882 [main] INFO  com.intuit.karate - karate.env system property was: null 
23:15:44.999 [main] DEBUG com.intuit.karate - request:
1 > GET http://localhost:8080/empresas
1 > Accept-Encoding: gzip,deflate
1 > Connection: Keep-Alive
1 > Host: localhost:8080
1 > User-Agent: Apache-HttpClient/4.5.5 (Java/11.0.4)

23:15:45.032 [main] ERROR com.intuit.karate - org.apache.http.conn.HttpHostConnectException: Connect to localhost:8080 [localhost/127.0.0.1] failed: Conexão recusada (Connection refused), http call failed after 32 milliseconds for URL: http://localhost:8080/empresas
23:15:45.033 [main] ERROR com.intuit.karate - http request failed: 
org.apache.http.conn.HttpHostConnectException: Connect to localhost:8080 [localhost/127.0.0.1] failed: Conexão recusada (Connection refused)
23:16:14.393 [main] INFO  org.eclipse.jetty.util.log - Logging initialized @3167ms to org.eclipse.jetty.util.log.Slf4jLog
23:16:34.165 [main] INFO  com.intuit.karate - karate.env system property was: null 
23:16:34.392 [main] DEBUG com.intuit.karate - request:
1 > GET http://localhost:8080/empresas
1 > Accept-Encoding: gzip,deflate
1 > Connection: Keep-Alive
1 > Host: localhost:8080
1 > User-Agent: Apache-HttpClient/4.5.5 (Java/11.0.4)

23:16:34.433 [main] ERROR com.intuit.karate - org.apache.http.conn.HttpHostConnectException: Connect to localhost:8080 [localhost/127.0.0.1] failed: Conexão recusada (Connection refused), http call failed after 40 milliseconds for URL: http://localhost:8080/empresas
23:16:34.435 [main] ERROR com.intuit.karate - http request failed: 
org.apache.http.conn.HttpHostConnectException: Connect to localhost:8080 [localhost/127.0.0.1] failed: Conexão recusada (Connection refused)
23:17:18.606 [main] INFO  org.eclipse.jetty.util.log - Logging initialized @3302ms to org.eclipse.jetty.util.log.Slf4jLog
23:43:53.821 [main] INFO  com.intuit.karate - karate.env system property was: null 
23:43:54.590 [main] DEBUG com.intuit.karate - request:
1 > GET http://localhost:8080/empresas
1 > Accept-Encoding: gzip,deflate
1 > Connection: Keep-Alive
1 > Host: localhost:8080
1 > User-Agent: Apache-HttpClient/4.5.5 (Java/11.0.4)

23:43:54.628 [main] DEBUG com.intuit.karate - response time in milliseconds: 33,71
1 < 200
1 < Content-Type: application/json
1 < Matched-Stub-Id: 925ebc9d-3048-4868-b709-ef23fdfbb054
1 < Server: Jetty(9.2.z-SNAPSHOT)
1 < Transfer-Encoding: chunked
1 < Vary: Accept-Encoding, User-Agent
{"id":10,"enderecoId":10,"razaoSocial":"Danilo","fantasia":"Danilo","cnpj":"00000000000000","situacao":1,"email":"teste10@gmail.com","logradouro":"Rua Carolina Maria Ferreira","numero":"57","complemento":"casa","cep":"38406089","telefones":[],"dataCadastro":"10/10/2019","bairroId":1,"bairroNome":"Aclimação","cidadeId":1,"cidadeNome":"Uberlândia","estadoId":1,"estadoSigla":"MG","empresaMatrizId":null,"filiais":[]}

23:45:02.075 [main] INFO  com.intuit.karate - karate.env system property was: null 
23:45:02.461 [main] DEBUG com.intuit.karate - request:
1 > GET http://localhost:8080/empresas
1 > Accept-Encoding: gzip,deflate
1 > Connection: Keep-Alive
1 > Host: localhost:8080
1 > User-Agent: Apache-HttpClient/4.5.5 (Java/11.0.4)

23:45:02.502 [main] DEBUG com.intuit.karate - response time in milliseconds: 36,45
1 < 200
1 < Content-Type: application/json
1 < Matched-Stub-Id: 925ebc9d-3048-4868-b709-ef23fdfbb054
1 < Server: Jetty(9.2.z-SNAPSHOT)
1 < Transfer-Encoding: chunked
1 < Vary: Accept-Encoding, User-Agent
{"id":10,"enderecoId":10,"razaoSocial":"Danilo","fantasia":"Danilo","cnpj":"00000000000000","situacao":1,"email":"teste10@gmail.com","logradouro":"Rua Carolina Maria Ferreira","numero":"57","complemento":"casa","cep":"38406089","telefones":[],"dataCadastro":"10/10/2019","bairroId":1,"bairroNome":"Aclimação","cidadeId":1,"cidadeNome":"Uberlândia","estadoId":1,"estadoSigla":"MG","empresaMatrizId":null,"filiais":[]}

23:45:02.505 [main] ERROR com.intuit.karate - status code was: 200, expected: 500, response time: 36, url: http://localhost:8080/empresas, response: {"id":10,"enderecoId":10,"razaoSocial":"Danilo","fantasia":"Danilo","cnpj":"00000000000000","situacao":1,"email":"teste10@gmail.com","logradouro":"Rua Carolina Maria Ferreira","numero":"57","complemento":"casa","cep":"38406089","telefones":[],"dataCadastro":"10/10/2019","bairroId":1,"bairroNome":"Aclimação","cidadeId":1,"cidadeNome":"Uberlândia","estadoId":1,"estadoSigla":"MG","empresaMatrizId":null,"filiais":[]}
23:46:16.505 [main] INFO  com.intuit.karate - karate.env system property was: null 
23:46:16.889 [main] DEBUG com.intuit.karate - request:
1 > GET http://localhost:8080/empresas
1 > Accept-Encoding: gzip,deflate
1 > Connection: Keep-Alive
1 > Host: localhost:8080
1 > User-Agent: Apache-HttpClient/4.5.5 (Java/11.0.4)

23:46:16.917 [main] DEBUG com.intuit.karate - response time in milliseconds: 24,28
1 < 200
1 < Content-Type: application/json
1 < Matched-Stub-Id: 925ebc9d-3048-4868-b709-ef23fdfbb054
1 < Server: Jetty(9.2.z-SNAPSHOT)
1 < Transfer-Encoding: chunked
1 < Vary: Accept-Encoding, User-Agent
{"id":10,"enderecoId":10,"razaoSocial":"Danilo","fantasia":"Danilo","cnpj":"00000000000000","situacao":1,"email":"teste10@gmail.com","logradouro":"Rua Carolina Maria Ferreira","numero":"57","complemento":"casa","cep":"38406089","telefones":[],"dataCadastro":"10/10/2019","bairroId":1,"bairroNome":"Aclimação","cidadeId":1,"cidadeNome":"Uberlândia","estadoId":1,"estadoSigla":"MG","empresaMatrizId":null,"filiais":[]}

23:46:16.920 [main] ERROR com.intuit.karate - status code was: 200, expected: 20, response time: 24, url: http://localhost:8080/empresas, response: {"id":10,"enderecoId":10,"razaoSocial":"Danilo","fantasia":"Danilo","cnpj":"00000000000000","situacao":1,"email":"teste10@gmail.com","logradouro":"Rua Carolina Maria Ferreira","numero":"57","complemento":"casa","cep":"38406089","telefones":[],"dataCadastro":"10/10/2019","bairroId":1,"bairroNome":"Aclimação","cidadeId":1,"cidadeNome":"Uberlândia","estadoId":1,"estadoSigla":"MG","empresaMatrizId":null,"filiais":[]}
23:46:37.338 [main] INFO  com.intuit.karate - karate.env system property was: null 
23:46:37.722 [main] DEBUG com.intuit.karate - request:
1 > GET http://localhost:8080/empresas
1 > Accept-Encoding: gzip,deflate
1 > Connection: Keep-Alive
1 > Host: localhost:8080
1 > User-Agent: Apache-HttpClient/4.5.5 (Java/11.0.4)

23:46:37.759 [main] DEBUG com.intuit.karate - response time in milliseconds: 31,39
1 < 200
1 < Content-Type: application/json
1 < Matched-Stub-Id: 925ebc9d-3048-4868-b709-ef23fdfbb054
1 < Server: Jetty(9.2.z-SNAPSHOT)
1 < Transfer-Encoding: chunked
1 < Vary: Accept-Encoding, User-Agent
{"id":10,"enderecoId":10,"razaoSocial":"Danilo","fantasia":"Danilo","cnpj":"00000000000000","situacao":1,"email":"teste10@gmail.com","logradouro":"Rua Carolina Maria Ferreira","numero":"57","complemento":"casa","cep":"38406089","telefones":[],"dataCadastro":"10/10/2019","bairroId":1,"bairroNome":"Aclimação","cidadeId":1,"cidadeNome":"Uberlândia","estadoId":1,"estadoSigla":"MG","empresaMatrizId":null,"filiais":[]}

00:29:39.827 [main] INFO  com.intuit.karate - karate.env system property was: null 
00:29:40.246 [main] DEBUG com.intuit.karate - request:
1 > GET http://localhost:8080/empresas
1 > Accept-Encoding: gzip,deflate
1 > Connection: Keep-Alive
1 > Host: localhost:8080
1 > User-Agent: Apache-HttpClient/4.5.5 (Java/11.0.4)

00:29:40.277 [main] DEBUG com.intuit.karate - response time in milliseconds: 28,07
1 < 200
1 < Content-Type: application/json
1 < Matched-Stub-Id: 925ebc9d-3048-4868-b709-ef23fdfbb054
1 < Server: Jetty(9.2.z-SNAPSHOT)
1 < Transfer-Encoding: chunked
1 < Vary: Accept-Encoding, User-Agent
{"id":10,"enderecoId":10,"razaoSocial":"Danilo","fantasia":"Danilo","cnpj":"00000000000000","situacao":1,"email":"teste10@gmail.com","logradouro":"Rua Carolina Maria Ferreira","numero":"57","complemento":"casa","cep":"38406089","telefones":[],"dataCadastro":"10/10/2019","bairroId":1,"bairroNome":"Aclimação","cidadeId":1,"cidadeNome":"Uberlândia","estadoId":1,"estadoSigla":"MG","empresaMatrizId":null,"filiais":[]}

00:29:40.301 [main] INFO  com.intuit.karate - karate.env system property was: null 
00:29:40.306 [main] DEBUG com.intuit.karate - request:
1 > GET http://localhost:8080/empresas
1 > Accept-Encoding: gzip,deflate
1 > Connection: Keep-Alive
1 > Host: localhost:8080
1 > User-Agent: Apache-HttpClient/4.5.5 (Java/11.0.4)

00:29:40.322 [main] DEBUG com.intuit.karate - response time in milliseconds: 14,94
1 < 200
1 < Content-Type: application/json
1 < Matched-Stub-Id: 925ebc9d-3048-4868-b709-ef23fdfbb054
1 < Server: Jetty(9.2.z-SNAPSHOT)
1 < Transfer-Encoding: chunked
1 < Vary: Accept-Encoding, User-Agent
{"id":10,"enderecoId":10,"razaoSocial":"Danilo","fantasia":"Danilo","cnpj":"00000000000000","situacao":1,"email":"teste10@gmail.com","logradouro":"Rua Carolina Maria Ferreira","numero":"57","complemento":"casa","cep":"38406089","telefones":[],"dataCadastro":"10/10/2019","bairroId":1,"bairroNome":"Aclimação","cidadeId":1,"cidadeNome":"Uberlândia","estadoId":1,"estadoSigla":"MG","empresaMatrizId":null,"filiais":[]}

00:29:40.325 [main] ERROR com.intuit.karate - status code was: 200, expected: 20, response time: 15, url: http://localhost:8080/empresas, response: {"id":10,"enderecoId":10,"razaoSocial":"Danilo","fantasia":"Danilo","cnpj":"00000000000000","situacao":1,"email":"teste10@gmail.com","logradouro":"Rua Carolina Maria Ferreira","numero":"57","complemento":"casa","cep":"38406089","telefones":[],"dataCadastro":"10/10/2019","bairroId":1,"bairroNome":"Aclimação","cidadeId":1,"cidadeNome":"Uberlândia","estadoId":1,"estadoSigla":"MG","empresaMatrizId":null,"filiais":[]}
00:59:41.522 [main] INFO  com.intuit.karate - karate.env system property was: null 
00:59:41.897 [main] DEBUG com.intuit.karate - request:
1 > GET http://localhost:8080/empresas
1 > Accept-Encoding: gzip,deflate
1 > Connection: Keep-Alive
1 > Host: localhost:8080
1 > User-Agent: Apache-HttpClient/4.5.5 (Java/11.0.4)

00:59:41.934 [main] DEBUG com.intuit.karate - response time in milliseconds: 31,46
1 < 200
1 < Content-Type: application/json
1 < Matched-Stub-Id: d2b2c64a-6928-47e4-b23e-cb9848cb0c51
1 < Server: Jetty(9.2.z-SNAPSHOT)
1 < Transfer-Encoding: chunked
1 < Vary: Accept-Encoding, User-Agent
{"id":10,"enderecoId":10,"razaoSocial":"Danilo","fantasia":"Danilo","cnpj":"00000000000000","situacao":1,"email":"teste10@gmail.com","logradouro":"Rua Carolina Maria Ferreira","numero":"57","complemento":"casa","cep":"38406089","telefones":[],"dataCadastro":"10/10/2019","bairroId":1,"bairroNome":"Aclimação","cidadeId":1,"cidadeNome":"Uberlândia","estadoId":1,"estadoSigla":"MG","empresaMatrizId":null,"filiais":[]}

